<?xml version="1.0" encoding="UTF-8"?>
<!-- Generated by org.testng.reporters.JUnitReportReporter -->
<testsuite hostname="naveenreddy" name="naveen.alti.CommonTestPage" tests="1" failures="1" timestamp="20 Aug 2016 19:26:27 GMT" time="171.559" errors="0">
  <testcase name="androidTest" time="171.559" classname="naveen.alti.CommonTestPage">
    <failure type="org.openqa.selenium.WebDriverException" message="Not yet implemented. Please help us: http://appium.io/get-involved.html (WARNING: The server did not provide any stacktrace information)
Command duration or timeout: 6 milliseconds
Build info: version: &#039;2.41.0&#039;, revision: &#039;3192d8a&#039;, time: &#039;2014-03-27 17:17:32&#039;
System info: host: &#039;naveenreddy&#039;, ip: &#039;192.168.0.103&#039;, os.name: &#039;Windows 8&#039;, os.arch: &#039;amd64&#039;, os.version: &#039;6.2&#039;, java.version: &#039;1.7.0_25&#039;
Session ID: c0a4fed9-aae9-496f-876d-59e83c9624d9
Driver info: org.openqa.selenium.remote.RemoteWebDriver
Capabilities [{automationName=Appium, platform=UNIX, app=F:\F_DRIVE_DATA\APK_FILES\com.facebook.katana-Android-5.0.apk, javascriptEnabled=true, browserName=Android, networkConnectionEnabled=true, desired={automationName=Appium, platform=WINDOW, app=F:\F_DRIVE_DATA\APK_FILES\com.facebook.katana-Android-5.0.apk, deviceName=emulator-5556, platformName=Android, version=4.4}, locationContextEnabled=false, version=4.4, platformVersion=4.1, databaseEnabled=false, platformName=Android, deviceName=emulator-5556, webStorageEnabled=false, warnings={}, takesScreenshot=true}]">
      <![CDATA[org.openqa.selenium.WebDriverException: Not yet implemented. Please help us: http://appium.io/get-involved.html (WARNING: The server did not provide any stacktrace information)
Command duration or timeout: 6 milliseconds
Build info: version: '2.41.0', revision: '3192d8a', time: '2014-03-27 17:17:32'
System info: host: 'naveenreddy', ip: '192.168.0.103', os.name: 'Windows 8', os.arch: 'amd64', os.version: '6.2', java.version: '1.7.0_25'
Session ID: c0a4fed9-aae9-496f-876d-59e83c9624d9
Driver info: org.openqa.selenium.remote.RemoteWebDriver
Capabilities [{automationName=Appium, platform=UNIX, app=F:\F_DRIVE_DATA\APK_FILES\com.facebook.katana-Android-5.0.apk, javascriptEnabled=true, browserName=Android, networkConnectionEnabled=true, desired={automationName=Appium, platform=WINDOW, app=F:\F_DRIVE_DATA\APK_FILES\com.facebook.katana-Android-5.0.apk, deviceName=emulator-5556, platformName=Android, version=4.4}, locationContextEnabled=false, version=4.4, platformVersion=4.1, databaseEnabled=false, platformName=Android, deviceName=emulator-5556, webStorageEnabled=false, warnings={}, takesScreenshot=true}]
	at sun.reflect.NativeConstructorAccessorImpl.newInstance0(Native Method)
	at sun.reflect.NativeConstructorAccessorImpl.newInstance(Unknown Source)
	at sun.reflect.DelegatingConstructorAccessorImpl.newInstance(Unknown Source)
	at java.lang.reflect.Constructor.newInstance(Unknown Source)
	at org.openqa.selenium.remote.ErrorHandler.createThrowable(ErrorHandler.java:193)
	at org.openqa.selenium.remote.ErrorHandler.throwIfResponseFailed(ErrorHandler.java:145)
	at org.openqa.selenium.remote.RemoteWebDriver.execute(RemoteWebDriver.java:595)
	at org.openqa.selenium.remote.RemoteWebDriver.get(RemoteWebDriver.java:300)
	at naveen.alti.CommonTestPage.androidTest(CommonTestPage.java:55)
	at sun.reflect.NativeMethodAccessorImpl.invoke0(Native Method)
	at sun.reflect.NativeMethodAccessorImpl.invoke(Unknown Source)
	at sun.reflect.DelegatingMethodAccessorImpl.invoke(Unknown Source)
	at java.lang.reflect.Method.invoke(Unknown Source)
	at org.testng.internal.MethodInvocationHelper.invokeMethod(MethodInvocationHelper.java:84)
	at org.testng.internal.Invoker.invokeMethod(Invoker.java:714)
	at org.testng.internal.Invoker.invokeTestMethod(Invoker.java:901)
	at org.testng.internal.Invoker.invokeTestMethods(Invoker.java:1231)
	at org.testng.internal.TestMethodWorker.invokeTestMethods(TestMethodWorker.java:127)
	at org.testng.internal.TestMethodWorker.run(TestMethodWorker.java:111)
	at org.testng.TestRunner.privateRun(TestRunner.java:767)
	at org.testng.TestRunner.run(TestRunner.java:617)
	at org.testng.SuiteRunner.runTest(SuiteRunner.java:334)
	at org.testng.SuiteRunner.runSequentially(SuiteRunner.java:329)
	at org.testng.SuiteRunner.privateRun(SuiteRunner.java:291)
	at org.testng.SuiteRunner.run(SuiteRunner.java:240)
	at org.testng.SuiteRunnerWorker.runSuite(SuiteRunnerWorker.java:52)
	at org.testng.SuiteRunnerWorker.run(SuiteRunnerWorker.java:86)
	at org.testng.TestNG.runSuitesSequentially(TestNG.java:1224)
	at org.testng.TestNG.runSuitesLocally(TestNG.java:1149)
	at org.testng.TestNG.run(TestNG.java:1057)
	at org.testng.remote.RemoteTestNG.run(RemoteTestNG.java:111)
	at org.testng.remote.RemoteTestNG.initAndRun(RemoteTestNG.java:204)
	at org.testng.remote.RemoteTestNG.main(RemoteTestNG.java:175)
]]>
    </failure>
  </testcase> <!-- androidTest -->
</testsuite> <!-- naveen.alti.CommonTestPage -->
